<?xml version="1.0" encoding="UTF-8"?>
<!-- Generated by org.testng.reporters.JUnitReportReporter -->
<testsuite hostname="LAPTOP-KPEQ55GB" failures="0" tests="1" name="AddToCart.AddToCart1" time="9.774" errors="0" timestamp="2023-11-02T00:14:44 IST" skipped="0">
  <testcase classname="AddToCart.AddToCart1" name="AddToCart1" time="9.774"/>
  <system-out/>
</testsuite> <!-- AddToCart.AddToCart1 -->
