<?xml version="1.0" encoding="UTF-8"?>
<!-- Generated by org.testng.reporters.JUnitReportReporter -->
<testsuite hostname="LAPTOP-KPEQ55GB" failures="0" tests="1" name="Login.Login1" time="3.853" errors="0" timestamp="2023-11-02T00:22:48 IST" skipped="0">
  <testcase classname="Login.Login1" name="Login1" time="3.853"/>
  <system-out/>
</testsuite> <!-- Login.Login1 -->
